<?xml version="1.0" encoding="UTF-8"?>
<!-- Generated by org.testng.reporters.JUnitReportReporter -->
<testsuite hostname="Ross_Cyriac" failures="0" tests="1" name="test.Fblogintest" time="0.745" errors="0" timestamp="2024-11-01T09:16:12 IST" skipped="0">
  <testcase classname="test.Fblogintest" name="testlogin" time="0.745"/>
  <system-out/>
</testsuite> <!-- test.Fblogintest -->
