<?xml version="1.0" encoding="UTF-8"?>
<!-- Generated by org.testng.reporters.JUnitReportReporter -->
<testsuite hostname="Ross_Cyriac" failures="0" tests="1" name="testngpkg.Fileupload" time="0.239" errors="0" timestamp="2024-10-29T13:25:26 IST" skipped="0">
  <testcase classname="testngpkg.Fileupload" name="test" time="0.239"/>
  <system-out/>
</testsuite> <!-- testngpkg.Fileupload -->
