<?xml version="1.0" encoding="UTF-8"?>
<!-- Generated by org.testng.reporters.JUnitReportReporter -->
<testsuite hostname="Ross_Cyriac" failures="0" tests="1" name="testngpkg.Trivagodatepicker" time="3.818" errors="0" timestamp="2024-10-30T08:12:26 IST" skipped="0">
  <testcase classname="testngpkg.Trivagodatepicker" name="datepicker" time="3.818"/>
  <system-out/>
</testsuite> <!-- testngpkg.Trivagodatepicker -->
