<?xml version="1.0" encoding="UTF-8"?>
<!-- Generated by org.testng.reporters.JUnitReportReporter -->
<testsuite hostname="Ross_Cyriac" failures="0" tests="1" name="test.Fbcreatepagetest" time="2.906" errors="0" timestamp="2024-11-01T12:16:24 IST" skipped="0">
  <testcase classname="test.Fbcreatepagetest" name="testcreatepage" time="2.906"/>
  <system-out/>
</testsuite> <!-- test.Fbcreatepagetest -->
