<?xml version="1.0" encoding="UTF-8"?>
<!-- Generated by org.testng.reporters.JUnitReportReporter -->
<testsuite hostname="Ross_Cyriac" failures="0" tests="2" name="testngpkg.Crossbrowsertesting" time="4.061" errors="0" timestamp="2024-10-22T15:33:38 IST" skipped="0">
  <testcase classname="testngpkg.Crossbrowsertesting" name="test" time="1.369"/>
  <system-out/>
  <testcase classname="testngpkg.Crossbrowsertesting" name="test" time="2.692"/>
  <system-out/>
</testsuite> <!-- testngpkg.Crossbrowsertesting -->
