<?xml version="1.0" encoding="UTF-8"?>
<!-- Generated by org.testng.reporters.JUnitReportReporter -->
<testsuite hostname="Ross_Cyriac" failures="0" tests="1" name="testngpkg.Windowhandler" time="3.715" errors="0" timestamp="2024-11-06T14:14:06 IST" skipped="0">
  <testcase classname="testngpkg.Windowhandler" name="handle" time="3.715"/>
  <system-out/>
</testsuite> <!-- testngpkg.Windowhandler -->
