<?xml version="1.0" encoding="UTF-8"?>
<!-- Generated by org.testng.reporters.JUnitReportReporter -->
<testsuite hostname="Ross_Cyriac" failures="0" tests="1" name="testngpkg.Facebook" time="1.296" errors="0" timestamp="2024-10-22T14:55:49 IST" skipped="0">
  <testcase classname="testngpkg.Facebook" name="fblogin" time="1.296"/>
  <system-out/>
</testsuite> <!-- testngpkg.Facebook -->
