<?xml version="1.0" encoding="UTF-8"?>
<!-- Generated by org.testng.reporters.JUnitReportReporter -->
<testsuite hostname="Ross_Cyriac" failures="0" tests="1" name="testngpkg.Fileuploadrobot" time="9.961" errors="0" timestamp="2024-10-25T15:20:54 IST" skipped="0">
  <testcase classname="testngpkg.Fileuploadrobot" name="test" time="9.961"/>
  <system-out/>
</testsuite> <!-- testngpkg.Fileuploadrobot -->
