<?xml version="1.0" encoding="UTF-8"?>
<!-- Generated by org.testng.reporters.JUnitReportReporter -->
<testsuite hostname="Ross_Cyriac" failures="0" tests="1" name="testngpkg.Mousehoverebay" time="4.259" errors="0" timestamp="2024-10-25T12:06:33 IST" skipped="0">
  <testcase classname="testngpkg.Mousehoverebay" name="test" time="4.259"/>
  <system-out/>
</testsuite> <!-- testngpkg.Mousehoverebay -->
