<?xml version="1.0" encoding="UTF-8"?>
<!-- Generated by org.testng.reporters.JUnitReportReporter -->
<testsuite hostname="Ross_Cyriac" failures="0" tests="1" name="testngpkg.Draganddrop" time="3.659" errors="0" timestamp="2024-10-24T23:30:30 IST" skipped="0">
  <testcase classname="testngpkg.Draganddrop" name="test" time="3.659"/>
  <system-out/>
</testsuite> <!-- testngpkg.Draganddrop -->
