<?xml version="1.0" encoding="UTF-8"?>
<!-- Generated by org.testng.reporters.JUnitReportReporter -->
<testsuite hostname="Ross_Cyriac" failures="0" tests="1" name="testngpkg.Datepicker" time="0.292" errors="0" timestamp="2024-10-29T15:06:52 IST" skipped="0">
  <testcase classname="testngpkg.Datepicker" name="datepicker" time="0.292"/>
  <system-out/>
</testsuite> <!-- testngpkg.Datepicker -->
