<?xml version="1.0" encoding="UTF-8"?>
<!-- Generated by org.testng.reporters.JUnitReportReporter -->
<testsuite hostname="Ross_Cyriac" failures="0" tests="1" name="testngpkg.Keralaloginvalidation" time="3.236" errors="0" timestamp="2024-10-28T14:13:23 IST" skipped="0">
  <testcase classname="testngpkg.Keralaloginvalidation" name="keralalogin" time="3.236"/>
  <system-out/>
</testsuite> <!-- testngpkg.Keralaloginvalidation -->
