<?xml version="1.0" encoding="UTF-8"?>
<!-- Generated by org.testng.reporters.JUnitReportReporter -->
<testsuite hostname="Ross_Cyriac" failures="0" tests="1" name="testngpkg.Guru99" time="4.459" errors="0" timestamp="2024-10-23T15:27:14 IST" skipped="0">
  <testcase classname="testngpkg.Guru99" name="test1" time="4.459"/>
  <system-out/>
</testsuite> <!-- testngpkg.Guru99 -->
