<?xml version="1.0" encoding="UTF-8"?>
<!-- Generated by org.testng.reporters.JUnitReportReporter -->
<testsuite hostname="Ross_Cyriac" failures="0" tests="1" name="testngpkg.Datadriven" time="3.739" errors="0" timestamp="2024-10-29T13:35:02 IST" skipped="0">
  <testcase classname="testngpkg.Datadriven" name="keralalogin" time="3.739"/>
  <system-out/>
</testsuite> <!-- testngpkg.Datadriven -->
