<?xml version="1.0" encoding="UTF-8"?>
<!-- Generated by org.testng.reporters.JUnitReportReporter -->
<testsuite hostname="Ross_Cyriac" failures="0" tests="1" name="testngpkg.Fileuploadautoit" time="9.251" errors="0" timestamp="2024-10-25T16:26:58 IST" skipped="0">
  <testcase classname="testngpkg.Fileuploadautoit" name="test" time="9.251"/>
  <system-out/>
</testsuite> <!-- testngpkg.Fileuploadautoit -->
